<?xml version="1.0" encoding="UTF-8"?>
<testng-results ignored="0" total="1" passed="1" failed="0" skipped="0">
  <reporter-output>
  </reporter-output>
  <suite started-at="2023-02-23T19:08:44 IST" name="Default suite" finished-at="2023-02-23T19:09:34 IST" duration-ms="49889">
    <groups>
    </groups>
    <test started-at="2023-02-23T19:08:44 IST" name="Default test" finished-at="2023-02-23T19:09:34 IST" duration-ms="49889">
      <class name="TestMethods.AskMaharajah">
        <test-method signature="verify()[pri:0, instance:TestMethods.AskMaharajah@399f45b1]" started-at="2023-02-23T19:08:44 IST" name="verify" finished-at="2023-02-23T19:09:34 IST" duration-ms="49817" status="PASS">
          <reporter-output>
          </reporter-output>
        </test-method> <!-- verify -->
      </class> <!-- TestMethods.AskMaharajah -->
    </test> <!-- Default test -->
  </suite> <!-- Default suite -->
</testng-results>
